<?xml version="1.0" encoding="UTF-8"?>
<testsuite name="com.github.richardjwild.blather.BlatherShould" tests="1" skipped="0" failures="0" errors="0" timestamp="2017-11-17T08:02:20" hostname="richiesmac" time="0.001">
  <properties/>
  <testcase name="print_a_welcome_message_then_start_the_application_then_print_an_exit_message" classname="com.github.richardjwild.blather.BlatherShould" time="0.001"/>
  <system-out><![CDATA[]]></system-out>
  <system-err><![CDATA[]]></system-err>
</testsuite>
