<?xml version="1.0" encoding="UTF-8"?>
<testsuite name="com.github.richardjwild.blather.parsing.CommandReaderShould" tests="5" skipped="0" failures="0" errors="0" timestamp="2017-11-17T08:02:20" hostname="richiesmac" time="0.007">
  <properties/>
  <testcase name="read_a_follow_command" classname="com.github.richardjwild.blather.parsing.CommandReaderShould" time="0.002"/>
  <testcase name="read_a_wall_command" classname="com.github.richardjwild.blather.parsing.CommandReaderShould" time="0.0"/>
  <testcase name="read_a_read_command" classname="com.github.richardjwild.blather.parsing.CommandReaderShould" time="0.001"/>
  <testcase name="read_a_quit_command" classname="com.github.richardjwild.blather.parsing.CommandReaderShould" time="0.001"/>
  <testcase name="read_a_post_command" classname="com.github.richardjwild.blather.parsing.CommandReaderShould" time="0.001"/>
  <system-out><![CDATA[]]></system-out>
  <system-err><![CDATA[]]></system-err>
</testsuite>
