<?xml version="1.0" encoding="UTF-8"?>
<testsuite name="com.github.richardjwild.blather.parsing.InputParserShould" tests="11" skipped="0" failures="0" errors="0" timestamp="2017-11-17T08:02:20" hostname="richiesmac" time="0.006">
  <properties/>
  <testcase name="read_a_post_command_recipient" classname="com.github.richardjwild.blather.parsing.InputParserShould" time="0.001"/>
  <testcase name="reads_a_read_command_verb" classname="com.github.richardjwild.blather.parsing.InputParserShould" time="0.0"/>
  <testcase name="read_a_post_command_message" classname="com.github.richardjwild.blather.parsing.InputParserShould" time="0.0"/>
  <testcase name="read_a_follow_command_subject" classname="com.github.richardjwild.blather.parsing.InputParserShould" time="0.001"/>
  <testcase name="read_a_quit_command" classname="com.github.richardjwild.blather.parsing.InputParserShould" time="0.0"/>
  <testcase name="read_a_read_command_subject" classname="com.github.richardjwild.blather.parsing.InputParserShould" time="0.001"/>
  <testcase name="read_a_follow_command_actor" classname="com.github.richardjwild.blather.parsing.InputParserShould" time="0.0"/>
  <testcase name="read_a_post_command_verb" classname="com.github.richardjwild.blather.parsing.InputParserShould" time="0.0"/>
  <testcase name="read_a_wall_command_subject" classname="com.github.richardjwild.blather.parsing.InputParserShould" time="0.0"/>
  <testcase name="read_a_wall_command_verb" classname="com.github.richardjwild.blather.parsing.InputParserShould" time="0.0"/>
  <testcase name="read_a_follow_command_verb" classname="com.github.richardjwild.blather.parsing.InputParserShould" time="0.0"/>
  <system-out><![CDATA[]]></system-out>
  <system-err><![CDATA[]]></system-err>
</testsuite>
